0 info it worked if it ends with ok
1 verbose cli [ '/usr/bin/nodejs', '/usr/bin/npm', 'install', 'nodemon', '-g' ]
2 info using npm@1.3.10
3 info using node@v0.10.25
4 verbose cache add [ 'nodemon', null ]
5 verbose cache add name=undefined spec="nodemon" args=["nodemon",null]
6 verbose parsed url { protocol: null,
6 verbose parsed url   slashes: null,
6 verbose parsed url   auth: null,
6 verbose parsed url   host: null,
6 verbose parsed url   port: null,
6 verbose parsed url   hostname: null,
6 verbose parsed url   hash: null,
6 verbose parsed url   search: null,
6 verbose parsed url   query: null,
6 verbose parsed url   pathname: 'nodemon',
6 verbose parsed url   path: 'nodemon',
6 verbose parsed url   href: 'nodemon' }
7 silly lockFile 1625b929-nodemon nodemon
8 verbose lock nodemon /root/.npm/1625b929-nodemon.lock
9 silly lockFile 1625b929-nodemon nodemon
10 silly lockFile 1625b929-nodemon nodemon
11 verbose addNamed [ 'nodemon', '' ]
12 verbose addNamed [ null, '*' ]
13 silly lockFile 4f5e51c6-nodemon nodemon@
14 verbose lock nodemon@ /root/.npm/4f5e51c6-nodemon.lock
15 silly addNameRange { name: 'nodemon', range: '*', hasData: false }
16 verbose url raw nodemon
17 verbose url resolving [ 'https://registry.npmjs.org/', './nodemon' ]
18 verbose url resolved https://registry.npmjs.org/nodemon
19 info trying registry request attempt 1 at 14:38:54
20 http GET https://registry.npmjs.org/nodemon
21 info retry will retry, error on last attempt: Error: tunneling socket could not be established, cause=139717406324608:error:140770FC:SSL routines:SSL23_GET_SERVER_HELLO:unknown protocol:s23_clnt.c:795:
22 info trying registry request attempt 2 at 14:39:05
23 http GET https://registry.npmjs.org/nodemon
24 info retry will retry, error on last attempt: Error: tunneling socket could not be established, cause=139717406324608:error:140770FC:SSL routines:SSL23_GET_SERVER_HELLO:unknown protocol:s23_clnt.c:795:
25 info trying registry request attempt 3 at 14:40:05
26 http GET https://registry.npmjs.org/nodemon
27 silly lockFile 4f5e51c6-nodemon nodemon@
28 silly lockFile 4f5e51c6-nodemon nodemon@
29 error network tunneling socket could not be established, cause=139717406324608:error:140770FC:SSL routines:SSL23_GET_SERVER_HELLO:unknown protocol:s23_clnt.c:795:
29 error network
29 error network This is most likely not a problem with npm itself
29 error network and is related to network connectivity.
29 error network In most cases you are behind a proxy or have bad network settings.
29 error network
29 error network If you are behind a proxy, please make sure that the
29 error network 'proxy' config is set properly.  See: 'npm help config'
30 error System Linux 3.19.0-30-generic
31 error command "/usr/bin/nodejs" "/usr/bin/npm" "install" "nodemon" "-g"
32 error cwd /home/ubuntu/fsdcalicut
33 error node -v v0.10.25
34 error npm -v 1.3.10
35 error code ECONNRESET
36 verbose exit [ 1, true ]
